<?xml version="1.0" encoding="UTF-8" ?>
<testsuite tests="3" failures="0" name="betworks.RadixSortWithCountingSortTest" time="0.244" errors="0" skipped="0">
  <properties>
    <property name="java.runtime.name" value="Java(TM) SE Runtime Environment"/>
    <property name="sun.boot.library.path" value="E:\Program Files\Java\jdk1.8.0_261\jre\bin"/>
    <property name="java.vm.version" value="25.261-b12"/>
    <property name="java.vm.vendor" value="Oracle Corporation"/>
    <property name="maven.multiModuleProjectDirectory" value="E:\study\bitworks\RadixWithPrefixSum"/>
    <property name="java.vendor.url" value="http://java.oracle.com/"/>
    <property name="path.separator" value=";"/>
    <property name="guice.disable.misplaced.annotation.check" value="true"/>
    <property name="java.vm.name" value="Java HotSpot(TM) 64-Bit Server VM"/>
    <property name="file.encoding.pkg" value="sun.io"/>
    <property name="user.script" value=""/>
    <property name="user.country" value="CA"/>
    <property name="sun.java.launcher" value="SUN_STANDARD"/>
    <property name="sun.os.patch.level" value=""/>
    <property name="java.vm.specification.name" value="Java Virtual Machine Specification"/>
    <property name="user.dir" value="E:\study\bitworks\RadixWithPrefixSum"/>
    <property name="java.runtime.version" value="1.8.0_261-b12"/>
    <property name="java.awt.graphicsenv" value="sun.awt.Win32GraphicsEnvironment"/>
    <property name="java.endorsed.dirs" value="E:\Program Files\Java\jdk1.8.0_261\jre\lib\endorsed"/>
    <property name="os.arch" value="amd64"/>
    <property name="java.io.tmpdir" value="C:\Users\dukek\AppData\Local\Temp\"/>
    <property name="line.separator" value="
"/>
    <property name="java.vm.specification.vendor" value="Oracle Corporation"/>
    <property name="user.variant" value=""/>
    <property name="os.name" value="Windows 10"/>
    <property name="classworlds.conf" value="C:\src\software\apache-maven-3.6.0\bin\..\bin\m2.conf"/>
    <property name="sun.jnu.encoding" value="Cp1252"/>
    <property name="java.library.path" value="E:\Program Files\Java\jdk1.8.0_261\bin;C:\WINDOWS\Sun\Java\bin;C:\WINDOWS\system32;C:\WINDOWS;C:\Program Files (x86)\Common Files\Oracle\Java\javapath;C:\Program Files (x86)\Intel\Intel(R) Management Engine Components\iCLS\;C:\Program Files\Intel\Intel(R) Management Engine Components\iCLS\;C:\Windows\system32;C:\Windows;C:\Windows\System32\Wbem;C:\Windows\System32\WindowsPowerShell\v1.0\;C:\Program Files (x86)\Intel\Intel(R) Management Engine Components\DAL;C:\Program Files\Intel\Intel(R) Management Engine Components\DAL;C:\Program Files (x86)\Intel\Intel(R) Management Engine Components\IPT;C:\Program Files\Intel\Intel(R) Management Engine Components\IPT;C:\Program Files (x86)\NVIDIA Corporation\PhysX\Common;C:\Program Files\Intel\WiFi\bin\;C:\Program Files\Common Files\Intel\WirelessCommon\;C:\src\software\apache-maven-3.6.0\bin;C:\src\software\flyway-5.2.1;C:\Program Files\Java\jdk1.8.0_191\bin;e:\Program Files\Git\cmd;E:\Program Files\Git\bin;E:\Program Files (x86)\WinAnt\bin;E:\Python27;E:\software\curl-7.62.0-win64-mingw\bin;E:\Python27\Scripts;E:\software\Ruby25-x64\bin;C:\Users\dukek\AppData\Roaming\npm;E:\Program Files (x86)\Yarn\bin;C:\WINDOWS\system32;C:\WINDOWS;C:\WINDOWS\System32\Wbem;C:\WINDOWS\System32\WindowsPowerShell\v1.0\;C:\WINDOWS\System32\OpenSSH\;C:\src\software\elasticsearch-6.5.1\bin;C:\Program Files\NVIDIA Corporation\NVIDIA NvDLISR;C:\Users\dukek\AppData\Local\conda\conda\envs\skip-gae;C:\ProgramData\chocolatey\bin;C:\ProgramData\nvm;C:\Program Files\nodejs;C:\ProgramData\nvm;E:\software\watchman;E:\Program Files\Amazon\AWSCLI\bin\;E:\Program Files\Amazon\AWSCLI;E:\software\terraform;;C:\WINDOWS\system32;C:\WINDOWS;C:\WINDOWS\System32\Wbem;C:\WINDOWS\System32\WindowsPowerShell\v1.0\;C:\WINDOWS\System32\OpenSSH\;E:\Program Files\Zulu\zulu-8\bin\;E:\Program Files\Redis\;C:\Program Files\Amazon\AWSCLIV2\;C:\Program Files\Docker\Docker\resources\bin;C:\ProgramData\DockerDesktop\version-bin;e:\Ruby27-x64\bin;e:\software\Ruby25-x64\bin;C:\Users\dukek\AppData\Local\Microsoft\WindowsApps;e:\Program Files (x86)\WinAnt\bin;E:\Program Files (x86)\Google\google_appengine\;C:\Users\dukek\AppData\Local\Yarn\bin;C:\Program Files\JetBrains\IntelliJ IDEA Community Edition 2018.3\bin;e:\Program Files\JetBrains\IntelliJ IDEA 2020.2.2\bin;C:\Users\dukek\AppData\Local\gitkraken\bin;."/>
    <property name="maven.conf" value="C:\src\software\apache-maven-3.6.0\bin\../conf"/>
    <property name="java.specification.name" value="Java Platform API Specification"/>
    <property name="java.class.version" value="52.0"/>
    <property name="sun.management.compiler" value="HotSpot 64-Bit Tiered Compilers"/>
    <property name="os.version" value="10.0"/>
    <property name="library.jansi.path" value="C:\src\software\apache-maven-3.6.0\bin\..\lib\jansi-native"/>
    <property name="user.home" value="C:\Users\dukek"/>
    <property name="user.timezone" value="America/Denver"/>
    <property name="java.awt.printerjob" value="sun.awt.windows.WPrinterJob"/>
    <property name="java.specification.version" value="1.8"/>
    <property name="file.encoding" value="Cp1252"/>
    <property name="user.name" value="dukek"/>
    <property name="java.class.path" value="C:\src\software\apache-maven-3.6.0\bin\..\boot\plexus-classworlds-2.5.2.jar"/>
    <property name="java.vm.specification.version" value="1.8"/>
    <property name="sun.arch.data.model" value="64"/>
    <property name="java.home" value="E:\Program Files\Java\jdk1.8.0_261\jre"/>
    <property name="sun.java.command" value="org.codehaus.plexus.classworlds.launcher.Launcher clean test"/>
    <property name="java.specification.vendor" value="Oracle Corporation"/>
    <property name="user.language" value="en"/>
    <property name="awt.toolkit" value="sun.awt.windows.WToolkit"/>
    <property name="java.vm.info" value="mixed mode"/>
    <property name="java.version" value="1.8.0_261"/>
    <property name="java.ext.dirs" value="E:\Program Files\Java\jdk1.8.0_261\jre\lib\ext;C:\WINDOWS\Sun\Java\lib\ext"/>
    <property name="sun.boot.class.path" value="E:\Program Files\Java\jdk1.8.0_261\jre\lib\resources.jar;E:\Program Files\Java\jdk1.8.0_261\jre\lib\rt.jar;E:\Program Files\Java\jdk1.8.0_261\jre\lib\sunrsasign.jar;E:\Program Files\Java\jdk1.8.0_261\jre\lib\jsse.jar;E:\Program Files\Java\jdk1.8.0_261\jre\lib\jce.jar;E:\Program Files\Java\jdk1.8.0_261\jre\lib\charsets.jar;E:\Program Files\Java\jdk1.8.0_261\jre\lib\jfr.jar;E:\Program Files\Java\jdk1.8.0_261\jre\classes"/>
    <property name="sun.stderr.encoding" value="cp437"/>
    <property name="java.vendor" value="Oracle Corporation"/>
    <property name="maven.home" value="C:\src\software\apache-maven-3.6.0\bin\.."/>
    <property name="file.separator" value="\"/>
    <property name="java.vendor.url.bug" value="http://bugreport.sun.com/bugreport/"/>
    <property name="sun.cpu.endian" value="little"/>
    <property name="sun.io.unicode.encoding" value="UnicodeLittle"/>
    <property name="sun.stdout.encoding" value="cp437"/>
    <property name="sun.desktop" value="windows"/>
    <property name="sun.cpu.isalist" value="amd64"/>
  </properties>
  <testcase classname="betworks.RadixSortWithCountingSortTest" name="radixSort_successful" time="0.004"/>
  <testcase classname="betworks.RadixSortWithCountingSortTest" name="radixSort_testfor1M_successful" time="0.24"/>
  <testcase classname="betworks.RadixSortWithCountingSortTest" name="rebuildArraywithPrefixSum_successful" time="0"/>
</testsuite>